-------------------------------------------------------------------------------
Test set: conduitApp.ConduitTest
-------------------------------------------------------------------------------
Tests run: 1, Failures: 0, Errors: 1, Skipped: 0, Time elapsed: 0.117 s <<< FAILURE! - in conduitApp.ConduitTest
testTags  Time elapsed: 0.117 s  <<< ERROR!
java.lang.RuntimeException: mismatched input '/' expecting <EOF>

